#-----------------------------------------------------------
# Vivado v2019.2 (64-bit)
# SW Build 2708876 on Wed Nov  6 21:40:23 MST 2019
# IP Build 2700528 on Thu Nov  7 00:09:20 MST 2019
# Start of session at: Tue Jan 11 16:47:23 2022
# Process ID: 2924
# Current directory: D:/desktop/dracaena/convert_image/ip
# Command line: vivado.exe -gui_launcher_event rodinguilauncherevent11176 D:\desktop\dracaena\convert_image\ip\imageProcessing.xpr
# Log file: D:/desktop/dracaena/convert_image/ip/vivado.log
# Journal file: D:/desktop/dracaena/convert_image/ip\vivado.jou
#-----------------------------------------------------------
start_gui
open_project D:/desktop/dracaena/convert_image/ip/imageProcessing.xpr
INFO: [Project 1-313] Project file moved from 'D:/desktop/dracaena/SpatialFilter-master/ip' since last save.
Scanning sources...
Finished scanning sources
WARNING: [filemgmt 56-3] IP Repository Path: Could not find the directory 'D:/desktop/dracaena/vivadoproject/imageprocessing'.
INFO: [IP_Flow 19-234] Refreshing IP repositories
WARNING: [IP_Flow 19-2248] Failed to load user IP repository 'd:/desktop/dracaena/vivadoproject/imageprocessing'; Can't find the specified path.
If this directory should no longer be in your list of user repositories, go to the IP Settings dialog and remove it.
INFO: [IP_Flow 19-2313] Loaded Vivado IP repository 'C:/Xilinx/Vivado/2019.2/data/ip'.
open_project: Time (s): cpu = 00:00:20 ; elapsed = 00:00:13 . Memory (MB): peak = 869.676 ; gain = 244.000
update_compile_order -fileset sources_1
launch_simulation
Command: launch_simulation 
INFO: [Vivado 12-5698] Checking validity of IPs in the design for the 'XSim' simulator...
INFO: [Vivado 12-5682] Launching behavioral simulation in 'D:/desktop/dracaena/convert_image/ip/imageProcessing.sim/sim_1/behav/xsim'
INFO: [Vivado 12-4795] Using compiled simulation libraries for IPs
INFO: [SIM-utils-51] Simulation object is 'sim_1'
INFO: [USF-XSim-7] Finding pre-compiled libraries...
INFO: [USF-XSim-11] File 'C:/Xilinx/Vivado/2019.2/data/xsim/xsim.ini' copied to run dir:'D:/desktop/dracaena/convert_image/ip/imageProcessing.sim/sim_1/behav/xsim'
INFO: [SIM-utils-54] Inspecting design source files for 'tb' in fileset 'sim_1'...
INFO: [USF-XSim-97] Finding global include files...
INFO: [USF-XSim-98] Fetching design files from 'sim_1'...
INFO: [USF-XSim-2] XSim::Compile design
INFO: [USF-XSim-61] Executing 'COMPILE and ANALYZE' step in 'D:/desktop/dracaena/convert_image/ip/imageProcessing.sim/sim_1/behav/xsim'
"xvlog --incr --relax -prj tb_vlog.prj"
INFO: [VRFC 10-2263] Analyzing Verilog file "D:/desktop/dracaena/convert_image/ip/imageProcessing.srcs/sources_1/ip/outputBuffer/sim/outputBuffer.v" into library xil_defaultlib
INFO: [VRFC 10-311] analyzing module outputBuffer
INFO: [VRFC 10-2263] Analyzing Verilog file "D:/desktop/dracaena/convert_image/ip/imageProcessing.srcs/sources_1/new/conv.v" into library xil_defaultlib
INFO: [VRFC 10-311] analyzing module conv
INFO: [VRFC 10-2263] Analyzing Verilog file "D:/desktop/dracaena/convert_image/ip/imageProcessing.srcs/sources_1/new/imageControl.v" into library xil_defaultlib
INFO: [VRFC 10-311] analyzing module imageControl
INFO: [VRFC 10-2263] Analyzing Verilog file "D:/desktop/dracaena/convert_image/ip/imageProcessing.srcs/sources_1/new/imageProcessTop.v" into library xil_defaultlib
INFO: [VRFC 10-311] analyzing module imageProcessTop
INFO: [VRFC 10-2263] Analyzing Verilog file "D:/desktop/dracaena/convert_image/ip/imageProcessing.srcs/sources_1/new/lineBuffer.v" into library xil_defaultlib
INFO: [VRFC 10-311] analyzing module lineBuffer
INFO: [VRFC 10-2263] Analyzing Verilog file "D:/desktop/dracaena/convert_image/ip/imageProcessing.srcs/sim_1/new/tb.v" into library xil_defaultlib
INFO: [VRFC 10-311] analyzing module tb
INFO: [VRFC 10-2263] Analyzing Verilog file "D:/desktop/dracaena/convert_image/ip/imageProcessing.sim/sim_1/behav/xsim/glbl.v" into library xil_defaultlib
INFO: [VRFC 10-311] analyzing module glbl
"xvhdl --incr --relax -prj tb_vhdl.prj"
INFO: [USF-XSim-69] 'compile' step finished in '4' seconds
INFO: [USF-XSim-3] XSim::Elaborate design
INFO: [USF-XSim-61] Executing 'ELABORATE' step in 'D:/desktop/dracaena/convert_image/ip/imageProcessing.sim/sim_1/behav/xsim'
"xelab -wto c4574c8c87934f72a030aac5d43f257a --incr --debug typical --relax --mt 2 -L fifo_generator_v13_2_5 -L xil_defaultlib -L unisims_ver -L unimacro_ver -L secureip -L xpm --snapshot tb_behav xil_defaultlib.tb xil_defaultlib.glbl -log elaborate.log"
Vivado Simulator 2019.2
Copyright 1986-1999, 2001-2019 Xilinx, Inc. All Rights Reserved.
Running: C:/Xilinx/Vivado/2019.2/bin/unwrapped/win64.o/xelab.exe -wto c4574c8c87934f72a030aac5d43f257a --incr --debug typical --relax --mt 2 -L fifo_generator_v13_2_5 -L xil_defaultlib -L unisims_ver -L unimacro_ver -L secureip -L xpm --snapshot tb_behav xil_defaultlib.tb xil_defaultlib.glbl -log elaborate.log 
Using 2 slave threads.
Starting static elaboration
Pass Through NonSizing Optimizer
Completed static elaboration
Starting simulation data flow analysis
Completed simulation data flow analysis
Time Resolution for simulation is 1ps
Compiling module xil_defaultlib.lineBuffer
Compiling module xil_defaultlib.imageControl
Compiling module xil_defaultlib.conv
Compiling module fifo_generator_v13_2_5.fifo_generator_v13_2_5_bhv_ver_s...
Compiling module fifo_generator_v13_2_5.fifo_generator_v13_2_5_bhv_ver_p...
Compiling module fifo_generator_v13_2_5.fifo_generator_v13_2_5_CONV_VER(...
Compiling module fifo_generator_v13_2_5.fifo_generator_vlog_beh(C_COMMON...
Compiling module xil_defaultlib.outputBuffer
Compiling module xil_defaultlib.imageProcessTop
Compiling module xil_defaultlib.tb
WARNING: [XSIM 43-3373] "D:/desktop/dracaena/convert_image/ip/imageProcessing.srcs/sim_1/new/tb.v" Line 63. System function $fscanf is used as system task. This system function should have a LHS e.g. x=$fscanf().
WARNING: [XSIM 43-3373] "D:/desktop/dracaena/convert_image/ip/imageProcessing.srcs/sim_1/new/tb.v" Line 70. System function $fscanf is used as system task. This system function should have a LHS e.g. x=$fscanf().
WARNING: [XSIM 43-3373] "D:/desktop/dracaena/convert_image/ip/imageProcessing.srcs/sim_1/new/tb.v" Line 83. System function $fscanf is used as system task. This system function should have a LHS e.g. x=$fscanf().
Compiling module xil_defaultlib.glbl
Built simulation snapshot tb_behav

****** Webtalk v2019.2 (64-bit)
  **** SW Build 2708876 on Wed Nov  6 21:40:23 MST 2019
  **** IP Build 2700528 on Thu Nov  7 00:09:20 MST 2019
    ** Copyright 1986-2019 Xilinx, Inc. All Rights Reserved.

source D:/desktop/dracaena/convert_image/ip/imageProcessing.sim/sim_1/behav/xsim/xsim.dir/tb_behav/webtalk/xsim_webtalk.tcl -notrace
INFO: [Common 17-186] 'D:/desktop/dracaena/convert_image/ip/imageProcessing.sim/sim_1/behav/xsim/xsim.dir/tb_behav/webtalk/usage_statistics_ext_xsim.xml' has been successfully sent to Xilinx on Tue Jan 11 16:48:47 2022. For additional details about this file, please refer to the WebTalk help file at C:/Xilinx/Vivado/2019.2/doc/webtalk_introduction.html.
INFO: [Common 17-206] Exiting Webtalk at Tue Jan 11 16:48:47 2022...
run_program: Time (s): cpu = 00:00:03 ; elapsed = 00:00:11 . Memory (MB): peak = 923.316 ; gain = 0.000
INFO: [USF-XSim-69] 'elaborate' step finished in '11' seconds
INFO: [USF-XSim-4] XSim::Simulate design
INFO: [USF-XSim-61] Executing 'SIMULATE' step in 'D:/desktop/dracaena/convert_image/ip/imageProcessing.sim/sim_1/behav/xsim'
INFO: [USF-XSim-98] *** Running xsim
   with args "tb_behav -key {Behavioral:sim_1:Functional:tb} -tclbatch {tb.tcl} -log {simulate.log}"
INFO: [USF-XSim-8] Loading simulator feature
Vivado Simulator 2019.2
Time resolution is 1 ps
source tb.tcl
# set curr_wave [current_wave_config]
# if { [string length $curr_wave] == 0 } {
#   if { [llength [get_objects]] > 0} {
#     add_wave /
#     set_property needs_save false [current_wave_config]
#   } else {
#      send_msg_id Add_Wave-1 WARNING "No top level signals found. Simulator will start without a wave window. If you want to open a wave window go to 'File->New Waveform Configuration' or type 'create_wave_config' in the TCL console."
#   }
# }
# run 1000ns
INFO: [USF-XSim-96] XSim completed. Design snapshot 'tb_behav' loaded.
INFO: [USF-XSim-97] XSim simulation ran for 1000ns
launch_simulation: Time (s): cpu = 00:00:14 ; elapsed = 00:00:21 . Memory (MB): peak = 928.105 ; gain = 13.117
run 10 us
run all
$stop called at time : 2652455 ns : File "D:/desktop/dracaena/convert_image/ip/imageProcessing.srcs/sim_1/new/tb.v" Line 127
run: Time (s): cpu = 00:00:06 ; elapsed = 00:00:11 . Memory (MB): peak = 944.871 ; gain = 15.012
relaunch_sim
suspend_sim: Time (s): cpu = 00:00:01 ; elapsed = 00:00:07 . Memory (MB): peak = 947.621 ; gain = 0.000
Command: launch_simulation -simset sim_1 -mode behavioral
INFO: [Vivado 12-5698] Checking validity of IPs in the design for the 'XSim' simulator...
INFO: [Vivado 12-5682] Launching behavioral simulation in 'D:/desktop/dracaena/convert_image/ip/imageProcessing.sim/sim_1/behav/xsim'
INFO: [Vivado 12-4795] Using compiled simulation libraries for IPs
INFO: [SIM-utils-51] Simulation object is 'sim_1'
INFO: [USF-XSim-7] Finding pre-compiled libraries...
INFO: [USF-XSim-11] File 'C:/Xilinx/Vivado/2019.2/data/xsim/xsim.ini' copied to run dir:'D:/desktop/dracaena/convert_image/ip/imageProcessing.sim/sim_1/behav/xsim'
INFO: [SIM-utils-54] Inspecting design source files for 'tb' in fileset 'sim_1'...
INFO: [USF-XSim-97] Finding global include files...
INFO: [USF-XSim-98] Fetching design files from 'sim_1'...
INFO: [USF-XSim-2] XSim::Compile design
INFO: [USF-XSim-61] Executing 'COMPILE and ANALYZE' step in 'D:/desktop/dracaena/convert_image/ip/imageProcessing.sim/sim_1/behav/xsim'
"xvlog --incr --relax -prj tb_vlog.prj"
"xvhdl --incr --relax -prj tb_vhdl.prj"
INFO: [USF-XSim-69] 'compile' step finished in '3' seconds
Command: launch_simulation -simset sim_1 -mode behavioral
INFO: [Vivado 12-5698] Checking validity of IPs in the design for the 'XSim' simulator...
INFO: [Vivado 12-5682] Launching behavioral simulation in 'D:/desktop/dracaena/convert_image/ip/imageProcessing.sim/sim_1/behav/xsim'
INFO: [Vivado 12-4795] Using compiled simulation libraries for IPs
INFO: [USF-XSim-3] XSim::Elaborate design
INFO: [USF-XSim-61] Executing 'ELABORATE' step in 'D:/desktop/dracaena/convert_image/ip/imageProcessing.sim/sim_1/behav/xsim'
"xelab -wto c4574c8c87934f72a030aac5d43f257a --incr --debug typical --relax --mt 2 -L fifo_generator_v13_2_5 -L xil_defaultlib -L unisims_ver -L unimacro_ver -L secureip -L xpm --snapshot tb_behav xil_defaultlib.tb xil_defaultlib.glbl -log elaborate.log"
Vivado Simulator 2019.2
Copyright 1986-1999, 2001-2019 Xilinx, Inc. All Rights Reserved.
Running: C:/Xilinx/Vivado/2019.2/bin/unwrapped/win64.o/xelab.exe -wto c4574c8c87934f72a030aac5d43f257a --incr --debug typical --relax --mt 2 -L fifo_generator_v13_2_5 -L xil_defaultlib -L unisims_ver -L unimacro_ver -L secureip -L xpm --snapshot tb_behav xil_defaultlib.tb xil_defaultlib.glbl -log elaborate.log 
Using 2 slave threads.
Starting static elaboration
Pass Through NonSizing Optimizer
Completed static elaboration
INFO: [XSIM 43-4323] No Change in HDL. Linking previously generated obj files to create kernel
INFO: [USF-XSim-69] 'elaborate' step finished in '3' seconds
Vivado Simulator 2019.2
Time resolution is 1 ps
relaunch_sim: Time (s): cpu = 00:00:03 ; elapsed = 00:00:16 . Memory (MB): peak = 947.621 ; gain = 0.000
run all
$stop called at time : 2652455 ns : File "D:/desktop/dracaena/convert_image/ip/imageProcessing.srcs/sim_1/new/tb.v" Line 127
run: Time (s): cpu = 00:00:03 ; elapsed = 00:00:10 . Memory (MB): peak = 947.621 ; gain = 0.000
relaunch_sim
Command: launch_simulation -simset sim_1 -mode behavioral
INFO: [Vivado 12-5698] Checking validity of IPs in the design for the 'XSim' simulator...
INFO: [Vivado 12-5682] Launching behavioral simulation in 'D:/desktop/dracaena/convert_image/ip/imageProcessing.sim/sim_1/behav/xsim'
INFO: [Vivado 12-4795] Using compiled simulation libraries for IPs
INFO: [SIM-utils-51] Simulation object is 'sim_1'
INFO: [USF-XSim-7] Finding pre-compiled libraries...
INFO: [USF-XSim-11] File 'C:/Xilinx/Vivado/2019.2/data/xsim/xsim.ini' copied to run dir:'D:/desktop/dracaena/convert_image/ip/imageProcessing.sim/sim_1/behav/xsim'
INFO: [SIM-utils-54] Inspecting design source files for 'tb' in fileset 'sim_1'...
INFO: [USF-XSim-97] Finding global include files...
INFO: [USF-XSim-98] Fetching design files from 'sim_1'...
INFO: [USF-XSim-2] XSim::Compile design
INFO: [USF-XSim-61] Executing 'COMPILE and ANALYZE' step in 'D:/desktop/dracaena/convert_image/ip/imageProcessing.sim/sim_1/behav/xsim'
"xvlog --incr --relax -prj tb_vlog.prj"
INFO: [VRFC 10-2263] Analyzing Verilog file "D:/desktop/dracaena/convert_image/ip/imageProcessing.srcs/sources_1/ip/outputBuffer/sim/outputBuffer.v" into library xil_defaultlib
INFO: [VRFC 10-311] analyzing module outputBuffer
INFO: [VRFC 10-2263] Analyzing Verilog file "D:/desktop/dracaena/convert_image/ip/imageProcessing.srcs/sources_1/new/conv.v" into library xil_defaultlib
INFO: [VRFC 10-311] analyzing module conv
INFO: [VRFC 10-2263] Analyzing Verilog file "D:/desktop/dracaena/convert_image/ip/imageProcessing.srcs/sources_1/new/imageControl.v" into library xil_defaultlib
INFO: [VRFC 10-311] analyzing module imageControl
INFO: [VRFC 10-2263] Analyzing Verilog file "D:/desktop/dracaena/convert_image/ip/imageProcessing.srcs/sources_1/new/imageProcessTop.v" into library xil_defaultlib
INFO: [VRFC 10-311] analyzing module imageProcessTop
INFO: [VRFC 10-2263] Analyzing Verilog file "D:/desktop/dracaena/convert_image/ip/imageProcessing.srcs/sources_1/new/lineBuffer.v" into library xil_defaultlib
INFO: [VRFC 10-311] analyzing module lineBuffer
INFO: [VRFC 10-2263] Analyzing Verilog file "D:/desktop/dracaena/convert_image/ip/imageProcessing.srcs/sim_1/new/tb.v" into library xil_defaultlib
INFO: [VRFC 10-311] analyzing module tb
"xvhdl --incr --relax -prj tb_vhdl.prj"
INFO: [USF-XSim-69] 'compile' step finished in '3' seconds
Command: launch_simulation -simset sim_1 -mode behavioral
INFO: [Vivado 12-5698] Checking validity of IPs in the design for the 'XSim' simulator...
INFO: [Vivado 12-5682] Launching behavioral simulation in 'D:/desktop/dracaena/convert_image/ip/imageProcessing.sim/sim_1/behav/xsim'
INFO: [Vivado 12-4795] Using compiled simulation libraries for IPs
INFO: [USF-XSim-3] XSim::Elaborate design
INFO: [USF-XSim-61] Executing 'ELABORATE' step in 'D:/desktop/dracaena/convert_image/ip/imageProcessing.sim/sim_1/behav/xsim'
"xelab -wto c4574c8c87934f72a030aac5d43f257a --incr --debug typical --relax --mt 2 -L fifo_generator_v13_2_5 -L xil_defaultlib -L unisims_ver -L unimacro_ver -L secureip -L xpm --snapshot tb_behav xil_defaultlib.tb xil_defaultlib.glbl -log elaborate.log"
Vivado Simulator 2019.2
Copyright 1986-1999, 2001-2019 Xilinx, Inc. All Rights Reserved.
Running: C:/Xilinx/Vivado/2019.2/bin/unwrapped/win64.o/xelab.exe -wto c4574c8c87934f72a030aac5d43f257a --incr --debug typical --relax --mt 2 -L fifo_generator_v13_2_5 -L xil_defaultlib -L unisims_ver -L unimacro_ver -L secureip -L xpm --snapshot tb_behav xil_defaultlib.tb xil_defaultlib.glbl -log elaborate.log 
Using 2 slave threads.
Starting static elaboration
Pass Through NonSizing Optimizer
Completed static elaboration
Starting simulation data flow analysis
Completed simulation data flow analysis
Time Resolution for simulation is 1ps
Compiling module xil_defaultlib.lineBuffer
Compiling module xil_defaultlib.imageControl
Compiling module xil_defaultlib.conv
Compiling module fifo_generator_v13_2_5.fifo_generator_v13_2_5_bhv_ver_s...
Compiling module fifo_generator_v13_2_5.fifo_generator_v13_2_5_bhv_ver_p...
Compiling module fifo_generator_v13_2_5.fifo_generator_v13_2_5_CONV_VER(...
Compiling module fifo_generator_v13_2_5.fifo_generator_vlog_beh(C_COMMON...
Compiling module xil_defaultlib.outputBuffer
Compiling module xil_defaultlib.imageProcessTop
Compiling module xil_defaultlib.tb
WARNING: [XSIM 43-3373] "D:/desktop/dracaena/convert_image/ip/imageProcessing.srcs/sim_1/new/tb.v" Line 63. System function $fscanf is used as system task. This system function should have a LHS e.g. x=$fscanf().
WARNING: [XSIM 43-3373] "D:/desktop/dracaena/convert_image/ip/imageProcessing.srcs/sim_1/new/tb.v" Line 70. System function $fscanf is used as system task. This system function should have a LHS e.g. x=$fscanf().
WARNING: [XSIM 43-3373] "D:/desktop/dracaena/convert_image/ip/imageProcessing.srcs/sim_1/new/tb.v" Line 83. System function $fscanf is used as system task. This system function should have a LHS e.g. x=$fscanf().
Compiling module xil_defaultlib.glbl
Built simulation snapshot tb_behav
INFO: [USF-XSim-69] 'elaborate' step finished in '4' seconds
Vivado Simulator 2019.2
Time resolution is 1 ps
relaunch_sim: Time (s): cpu = 00:00:03 ; elapsed = 00:00:12 . Memory (MB): peak = 958.719 ; gain = 0.000
run all
$stop called at time : 2652455 ns : File "D:/desktop/dracaena/convert_image/ip/imageProcessing.srcs/sim_1/new/tb.v" Line 127
run: Time (s): cpu = 00:00:03 ; elapsed = 00:00:11 . Memory (MB): peak = 958.719 ; gain = 0.000
relaunch_sim
Command: launch_simulation -simset sim_1 -mode behavioral
INFO: [Vivado 12-5698] Checking validity of IPs in the design for the 'XSim' simulator...
INFO: [Vivado 12-5682] Launching behavioral simulation in 'D:/desktop/dracaena/convert_image/ip/imageProcessing.sim/sim_1/behav/xsim'
INFO: [Vivado 12-4795] Using compiled simulation libraries for IPs
INFO: [SIM-utils-51] Simulation object is 'sim_1'
INFO: [USF-XSim-7] Finding pre-compiled libraries...
INFO: [USF-XSim-11] File 'C:/Xilinx/Vivado/2019.2/data/xsim/xsim.ini' copied to run dir:'D:/desktop/dracaena/convert_image/ip/imageProcessing.sim/sim_1/behav/xsim'
INFO: [SIM-utils-54] Inspecting design source files for 'tb' in fileset 'sim_1'...
INFO: [USF-XSim-97] Finding global include files...
INFO: [USF-XSim-98] Fetching design files from 'sim_1'...
INFO: [USF-XSim-2] XSim::Compile design
INFO: [USF-XSim-61] Executing 'COMPILE and ANALYZE' step in 'D:/desktop/dracaena/convert_image/ip/imageProcessing.sim/sim_1/behav/xsim'
"xvlog --incr --relax -prj tb_vlog.prj"
INFO: [VRFC 10-2263] Analyzing Verilog file "D:/desktop/dracaena/convert_image/ip/imageProcessing.srcs/sources_1/ip/outputBuffer/sim/outputBuffer.v" into library xil_defaultlib
INFO: [VRFC 10-311] analyzing module outputBuffer
INFO: [VRFC 10-2263] Analyzing Verilog file "D:/desktop/dracaena/convert_image/ip/imageProcessing.srcs/sources_1/new/conv.v" into library xil_defaultlib
INFO: [VRFC 10-311] analyzing module conv
INFO: [VRFC 10-2263] Analyzing Verilog file "D:/desktop/dracaena/convert_image/ip/imageProcessing.srcs/sources_1/new/imageControl.v" into library xil_defaultlib
INFO: [VRFC 10-311] analyzing module imageControl
INFO: [VRFC 10-2263] Analyzing Verilog file "D:/desktop/dracaena/convert_image/ip/imageProcessing.srcs/sources_1/new/imageProcessTop.v" into library xil_defaultlib
INFO: [VRFC 10-311] analyzing module imageProcessTop
INFO: [VRFC 10-2263] Analyzing Verilog file "D:/desktop/dracaena/convert_image/ip/imageProcessing.srcs/sources_1/new/lineBuffer.v" into library xil_defaultlib
INFO: [VRFC 10-311] analyzing module lineBuffer
INFO: [VRFC 10-2263] Analyzing Verilog file "D:/desktop/dracaena/convert_image/ip/imageProcessing.srcs/sim_1/new/tb.v" into library xil_defaultlib
INFO: [VRFC 10-311] analyzing module tb
"xvhdl --incr --relax -prj tb_vhdl.prj"
INFO: [USF-XSim-69] 'compile' step finished in '3' seconds
Command: launch_simulation -simset sim_1 -mode behavioral
INFO: [Vivado 12-5698] Checking validity of IPs in the design for the 'XSim' simulator...
INFO: [Vivado 12-5682] Launching behavioral simulation in 'D:/desktop/dracaena/convert_image/ip/imageProcessing.sim/sim_1/behav/xsim'
INFO: [Vivado 12-4795] Using compiled simulation libraries for IPs
INFO: [USF-XSim-3] XSim::Elaborate design
INFO: [USF-XSim-61] Executing 'ELABORATE' step in 'D:/desktop/dracaena/convert_image/ip/imageProcessing.sim/sim_1/behav/xsim'
"xelab -wto c4574c8c87934f72a030aac5d43f257a --incr --debug typical --relax --mt 2 -L fifo_generator_v13_2_5 -L xil_defaultlib -L unisims_ver -L unimacro_ver -L secureip -L xpm --snapshot tb_behav xil_defaultlib.tb xil_defaultlib.glbl -log elaborate.log"
Vivado Simulator 2019.2
Copyright 1986-1999, 2001-2019 Xilinx, Inc. All Rights Reserved.
Running: C:/Xilinx/Vivado/2019.2/bin/unwrapped/win64.o/xelab.exe -wto c4574c8c87934f72a030aac5d43f257a --incr --debug typical --relax --mt 2 -L fifo_generator_v13_2_5 -L xil_defaultlib -L unisims_ver -L unimacro_ver -L secureip -L xpm --snapshot tb_behav xil_defaultlib.tb xil_defaultlib.glbl -log elaborate.log 
Using 2 slave threads.
Starting static elaboration
Pass Through NonSizing Optimizer
Completed static elaboration
Starting simulation data flow analysis
Completed simulation data flow analysis
Time Resolution for simulation is 1ps
Compiling module xil_defaultlib.lineBuffer
Compiling module xil_defaultlib.imageControl
Compiling module xil_defaultlib.conv
Compiling module fifo_generator_v13_2_5.fifo_generator_v13_2_5_bhv_ver_s...
Compiling module fifo_generator_v13_2_5.fifo_generator_v13_2_5_bhv_ver_p...
Compiling module fifo_generator_v13_2_5.fifo_generator_v13_2_5_CONV_VER(...
Compiling module fifo_generator_v13_2_5.fifo_generator_vlog_beh(C_COMMON...
Compiling module xil_defaultlib.outputBuffer
Compiling module xil_defaultlib.imageProcessTop
Compiling module xil_defaultlib.tb
WARNING: [XSIM 43-3373] "D:/desktop/dracaena/convert_image/ip/imageProcessing.srcs/sim_1/new/tb.v" Line 63. System function $fscanf is used as system task. This system function should have a LHS e.g. x=$fscanf().
WARNING: [XSIM 43-3373] "D:/desktop/dracaena/convert_image/ip/imageProcessing.srcs/sim_1/new/tb.v" Line 70. System function $fscanf is used as system task. This system function should have a LHS e.g. x=$fscanf().
WARNING: [XSIM 43-3373] "D:/desktop/dracaena/convert_image/ip/imageProcessing.srcs/sim_1/new/tb.v" Line 83. System function $fscanf is used as system task. This system function should have a LHS e.g. x=$fscanf().
Compiling module xil_defaultlib.glbl
Built simulation snapshot tb_behav
INFO: [USF-XSim-69] 'elaborate' step finished in '4' seconds
Vivado Simulator 2019.2
Time resolution is 1 ps
relaunch_sim: Time (s): cpu = 00:00:02 ; elapsed = 00:00:12 . Memory (MB): peak = 958.719 ; gain = 0.000
run all
$stop called at time : 2652455 ns : File "D:/desktop/dracaena/convert_image/ip/imageProcessing.srcs/sim_1/new/tb.v" Line 127
run: Time (s): cpu = 00:00:02 ; elapsed = 00:00:10 . Memory (MB): peak = 958.719 ; gain = 0.000
relaunch_sim
Command: launch_simulation -simset sim_1 -mode behavioral
INFO: [Vivado 12-5698] Checking validity of IPs in the design for the 'XSim' simulator...
INFO: [Vivado 12-5682] Launching behavioral simulation in 'D:/desktop/dracaena/convert_image/ip/imageProcessing.sim/sim_1/behav/xsim'
INFO: [Vivado 12-4795] Using compiled simulation libraries for IPs
INFO: [SIM-utils-51] Simulation object is 'sim_1'
INFO: [USF-XSim-7] Finding pre-compiled libraries...
INFO: [USF-XSim-11] File 'C:/Xilinx/Vivado/2019.2/data/xsim/xsim.ini' copied to run dir:'D:/desktop/dracaena/convert_image/ip/imageProcessing.sim/sim_1/behav/xsim'
INFO: [SIM-utils-54] Inspecting design source files for 'tb' in fileset 'sim_1'...
INFO: [USF-XSim-97] Finding global include files...
INFO: [USF-XSim-98] Fetching design files from 'sim_1'...
INFO: [USF-XSim-2] XSim::Compile design
INFO: [USF-XSim-61] Executing 'COMPILE and ANALYZE' step in 'D:/desktop/dracaena/convert_image/ip/imageProcessing.sim/sim_1/behav/xsim'
"xvlog --incr --relax -prj tb_vlog.prj"
INFO: [VRFC 10-2263] Analyzing Verilog file "D:/desktop/dracaena/convert_image/ip/imageProcessing.srcs/sources_1/ip/outputBuffer/sim/outputBuffer.v" into library xil_defaultlib
INFO: [VRFC 10-311] analyzing module outputBuffer
INFO: [VRFC 10-2263] Analyzing Verilog file "D:/desktop/dracaena/convert_image/ip/imageProcessing.srcs/sources_1/new/conv.v" into library xil_defaultlib
INFO: [VRFC 10-311] analyzing module conv
INFO: [VRFC 10-2263] Analyzing Verilog file "D:/desktop/dracaena/convert_image/ip/imageProcessing.srcs/sources_1/new/imageControl.v" into library xil_defaultlib
INFO: [VRFC 10-311] analyzing module imageControl
INFO: [VRFC 10-2263] Analyzing Verilog file "D:/desktop/dracaena/convert_image/ip/imageProcessing.srcs/sources_1/new/imageProcessTop.v" into library xil_defaultlib
INFO: [VRFC 10-311] analyzing module imageProcessTop
INFO: [VRFC 10-2263] Analyzing Verilog file "D:/desktop/dracaena/convert_image/ip/imageProcessing.srcs/sources_1/new/lineBuffer.v" into library xil_defaultlib
INFO: [VRFC 10-311] analyzing module lineBuffer
INFO: [VRFC 10-2263] Analyzing Verilog file "D:/desktop/dracaena/convert_image/ip/imageProcessing.srcs/sim_1/new/tb.v" into library xil_defaultlib
INFO: [VRFC 10-311] analyzing module tb
"xvhdl --incr --relax -prj tb_vhdl.prj"
INFO: [USF-XSim-69] 'compile' step finished in '3' seconds
Command: launch_simulation -simset sim_1 -mode behavioral
INFO: [Vivado 12-5698] Checking validity of IPs in the design for the 'XSim' simulator...
INFO: [Vivado 12-5682] Launching behavioral simulation in 'D:/desktop/dracaena/convert_image/ip/imageProcessing.sim/sim_1/behav/xsim'
INFO: [Vivado 12-4795] Using compiled simulation libraries for IPs
INFO: [USF-XSim-3] XSim::Elaborate design
INFO: [USF-XSim-61] Executing 'ELABORATE' step in 'D:/desktop/dracaena/convert_image/ip/imageProcessing.sim/sim_1/behav/xsim'
"xelab -wto c4574c8c87934f72a030aac5d43f257a --incr --debug typical --relax --mt 2 -L fifo_generator_v13_2_5 -L xil_defaultlib -L unisims_ver -L unimacro_ver -L secureip -L xpm --snapshot tb_behav xil_defaultlib.tb xil_defaultlib.glbl -log elaborate.log"
Vivado Simulator 2019.2
Copyright 1986-1999, 2001-2019 Xilinx, Inc. All Rights Reserved.
Running: C:/Xilinx/Vivado/2019.2/bin/unwrapped/win64.o/xelab.exe -wto c4574c8c87934f72a030aac5d43f257a --incr --debug typical --relax --mt 2 -L fifo_generator_v13_2_5 -L xil_defaultlib -L unisims_ver -L unimacro_ver -L secureip -L xpm --snapshot tb_behav xil_defaultlib.tb xil_defaultlib.glbl -log elaborate.log 
Using 2 slave threads.
Starting static elaboration
Pass Through NonSizing Optimizer
Completed static elaboration
Starting simulation data flow analysis
Completed simulation data flow analysis
Time Resolution for simulation is 1ps
Compiling module xil_defaultlib.lineBuffer
Compiling module xil_defaultlib.imageControl
Compiling module xil_defaultlib.conv
Compiling module fifo_generator_v13_2_5.fifo_generator_v13_2_5_bhv_ver_s...
Compiling module fifo_generator_v13_2_5.fifo_generator_v13_2_5_bhv_ver_p...
Compiling module fifo_generator_v13_2_5.fifo_generator_v13_2_5_CONV_VER(...
Compiling module fifo_generator_v13_2_5.fifo_generator_vlog_beh(C_COMMON...
Compiling module xil_defaultlib.outputBuffer
Compiling module xil_defaultlib.imageProcessTop
Compiling module xil_defaultlib.tb
WARNING: [XSIM 43-3373] "D:/desktop/dracaena/convert_image/ip/imageProcessing.srcs/sim_1/new/tb.v" Line 63. System function $fscanf is used as system task. This system function should have a LHS e.g. x=$fscanf().
WARNING: [XSIM 43-3373] "D:/desktop/dracaena/convert_image/ip/imageProcessing.srcs/sim_1/new/tb.v" Line 70. System function $fscanf is used as system task. This system function should have a LHS e.g. x=$fscanf().
WARNING: [XSIM 43-3373] "D:/desktop/dracaena/convert_image/ip/imageProcessing.srcs/sim_1/new/tb.v" Line 83. System function $fscanf is used as system task. This system function should have a LHS e.g. x=$fscanf().
Compiling module xil_defaultlib.glbl
Built simulation snapshot tb_behav
INFO: [USF-XSim-69] 'elaborate' step finished in '4' seconds
Vivado Simulator 2019.2
Time resolution is 1 ps
relaunch_sim: Time (s): cpu = 00:00:02 ; elapsed = 00:00:11 . Memory (MB): peak = 958.719 ; gain = 0.000
run all
$stop called at time : 2652455 ns : File "D:/desktop/dracaena/convert_image/ip/imageProcessing.srcs/sim_1/new/tb.v" Line 127
run: Time (s): cpu = 00:00:03 ; elapsed = 00:00:10 . Memory (MB): peak = 958.719 ; gain = 0.000
relaunch_sim
Command: launch_simulation -simset sim_1 -mode behavioral
INFO: [Vivado 12-5698] Checking validity of IPs in the design for the 'XSim' simulator...
INFO: [Vivado 12-5682] Launching behavioral simulation in 'D:/desktop/dracaena/convert_image/ip/imageProcessing.sim/sim_1/behav/xsim'
INFO: [Vivado 12-4795] Using compiled simulation libraries for IPs
INFO: [SIM-utils-51] Simulation object is 'sim_1'
INFO: [USF-XSim-7] Finding pre-compiled libraries...
INFO: [USF-XSim-11] File 'C:/Xilinx/Vivado/2019.2/data/xsim/xsim.ini' copied to run dir:'D:/desktop/dracaena/convert_image/ip/imageProcessing.sim/sim_1/behav/xsim'
INFO: [SIM-utils-54] Inspecting design source files for 'tb' in fileset 'sim_1'...
INFO: [USF-XSim-97] Finding global include files...
INFO: [USF-XSim-98] Fetching design files from 'sim_1'...
INFO: [USF-XSim-2] XSim::Compile design
INFO: [USF-XSim-61] Executing 'COMPILE and ANALYZE' step in 'D:/desktop/dracaena/convert_image/ip/imageProcessing.sim/sim_1/behav/xsim'
"xvlog --incr --relax -prj tb_vlog.prj"
INFO: [VRFC 10-2263] Analyzing Verilog file "D:/desktop/dracaena/convert_image/ip/imageProcessing.srcs/sources_1/ip/outputBuffer/sim/outputBuffer.v" into library xil_defaultlib
INFO: [VRFC 10-311] analyzing module outputBuffer
INFO: [VRFC 10-2263] Analyzing Verilog file "D:/desktop/dracaena/convert_image/ip/imageProcessing.srcs/sources_1/new/conv.v" into library xil_defaultlib
INFO: [VRFC 10-311] analyzing module conv
INFO: [VRFC 10-2263] Analyzing Verilog file "D:/desktop/dracaena/convert_image/ip/imageProcessing.srcs/sources_1/new/imageControl.v" into library xil_defaultlib
INFO: [VRFC 10-311] analyzing module imageControl
INFO: [VRFC 10-2263] Analyzing Verilog file "D:/desktop/dracaena/convert_image/ip/imageProcessing.srcs/sources_1/new/imageProcessTop.v" into library xil_defaultlib
INFO: [VRFC 10-311] analyzing module imageProcessTop
INFO: [VRFC 10-2263] Analyzing Verilog file "D:/desktop/dracaena/convert_image/ip/imageProcessing.srcs/sources_1/new/lineBuffer.v" into library xil_defaultlib
INFO: [VRFC 10-311] analyzing module lineBuffer
INFO: [VRFC 10-2263] Analyzing Verilog file "D:/desktop/dracaena/convert_image/ip/imageProcessing.srcs/sim_1/new/tb.v" into library xil_defaultlib
INFO: [VRFC 10-311] analyzing module tb
"xvhdl --incr --relax -prj tb_vhdl.prj"
INFO: [USF-XSim-69] 'compile' step finished in '4' seconds
Command: launch_simulation -simset sim_1 -mode behavioral
INFO: [Vivado 12-5698] Checking validity of IPs in the design for the 'XSim' simulator...
INFO: [Vivado 12-5682] Launching behavioral simulation in 'D:/desktop/dracaena/convert_image/ip/imageProcessing.sim/sim_1/behav/xsim'
INFO: [Vivado 12-4795] Using compiled simulation libraries for IPs
INFO: [USF-XSim-3] XSim::Elaborate design
INFO: [USF-XSim-61] Executing 'ELABORATE' step in 'D:/desktop/dracaena/convert_image/ip/imageProcessing.sim/sim_1/behav/xsim'
"xelab -wto c4574c8c87934f72a030aac5d43f257a --incr --debug typical --relax --mt 2 -L fifo_generator_v13_2_5 -L xil_defaultlib -L unisims_ver -L unimacro_ver -L secureip -L xpm --snapshot tb_behav xil_defaultlib.tb xil_defaultlib.glbl -log elaborate.log"
Vivado Simulator 2019.2
Copyright 1986-1999, 2001-2019 Xilinx, Inc. All Rights Reserved.
Running: C:/Xilinx/Vivado/2019.2/bin/unwrapped/win64.o/xelab.exe -wto c4574c8c87934f72a030aac5d43f257a --incr --debug typical --relax --mt 2 -L fifo_generator_v13_2_5 -L xil_defaultlib -L unisims_ver -L unimacro_ver -L secureip -L xpm --snapshot tb_behav xil_defaultlib.tb xil_defaultlib.glbl -log elaborate.log 
Using 2 slave threads.
Starting static elaboration
Pass Through NonSizing Optimizer
Completed static elaboration
Starting simulation data flow analysis
Completed simulation data flow analysis
Time Resolution for simulation is 1ps
Compiling module xil_defaultlib.lineBuffer
Compiling module xil_defaultlib.imageControl
Compiling module xil_defaultlib.conv
Compiling module fifo_generator_v13_2_5.fifo_generator_v13_2_5_bhv_ver_s...
Compiling module fifo_generator_v13_2_5.fifo_generator_v13_2_5_bhv_ver_p...
Compiling module fifo_generator_v13_2_5.fifo_generator_v13_2_5_CONV_VER(...
Compiling module fifo_generator_v13_2_5.fifo_generator_vlog_beh(C_COMMON...
Compiling module xil_defaultlib.outputBuffer
Compiling module xil_defaultlib.imageProcessTop
Compiling module xil_defaultlib.tb
WARNING: [XSIM 43-3373] "D:/desktop/dracaena/convert_image/ip/imageProcessing.srcs/sim_1/new/tb.v" Line 63. System function $fscanf is used as system task. This system function should have a LHS e.g. x=$fscanf().
WARNING: [XSIM 43-3373] "D:/desktop/dracaena/convert_image/ip/imageProcessing.srcs/sim_1/new/tb.v" Line 70. System function $fscanf is used as system task. This system function should have a LHS e.g. x=$fscanf().
WARNING: [XSIM 43-3373] "D:/desktop/dracaena/convert_image/ip/imageProcessing.srcs/sim_1/new/tb.v" Line 83. System function $fscanf is used as system task. This system function should have a LHS e.g. x=$fscanf().
Compiling module xil_defaultlib.glbl
Built simulation snapshot tb_behav
INFO: [USF-XSim-69] 'elaborate' step finished in '4' seconds
Vivado Simulator 2019.2
Time resolution is 1 ps
relaunch_sim: Time (s): cpu = 00:00:02 ; elapsed = 00:00:11 . Memory (MB): peak = 958.719 ; gain = 0.000
run all
$stop called at time : 2652455 ns : File "D:/desktop/dracaena/convert_image/ip/imageProcessing.srcs/sim_1/new/tb.v" Line 127
run: Time (s): cpu = 00:00:02 ; elapsed = 00:00:10 . Memory (MB): peak = 958.719 ; gain = 0.000
